This file contains any messages produced by compilers while
running configure, to aid debugging if configure makes a mistake.

It was created by Automated Testing Framework configure 0.15, which was
generated by GNU Autoconf 2.68.  Invocation command line was

  $ ./configure 

## --------- ##
## Platform. ##
## --------- ##

hostname = dell
uname -m = x86_64
uname -r = 4.15.0-45-generic
uname -s = Linux
uname -v = #48-Ubuntu SMP Tue Jan 29 16:28:13 UTC 2019

/usr/bin/uname -p = unknown
/bin/uname -X     = unknown

/bin/arch              = unknown
/usr/bin/arch -k       = unknown
/usr/convex/getsysinfo = unknown
/usr/bin/hostinfo      = unknown
/bin/machine           = unknown
/usr/bin/oslevel       = unknown
/bin/universe          = unknown

PATH: /usr/local/sbin
PATH: /usr/local/bin
PATH: /usr/sbin
PATH: /usr/bin
PATH: /sbin
PATH: /bin
PATH: /usr/games
PATH: /usr/local/games
PATH: /snap/bin


## ----------- ##
## Core tests. ##
## ----------- ##

configure:2631: checking build system type
configure:2645: result: x86_64-unknown-linux-gnu
configure:2665: checking host system type
configure:2678: result: x86_64-unknown-linux-gnu
configure:2698: checking target system type
configure:2711: result: x86_64-unknown-linux-gnu
configure:2754: checking for a BSD-compatible install
configure:2822: result: /usr/bin/install -c
configure:2833: checking whether build environment is sane
configure:2883: result: yes
configure:3024: checking for a thread-safe mkdir -p
configure:3063: result: /bin/mkdir -p
configure:3076: checking for gawk
configure:3106: result: no
configure:3076: checking for mawk
configure:3092: found /usr/bin/mawk
configure:3103: result: mawk
configure:3114: checking whether make sets $(MAKE)
configure:3136: result: yes
configure:3254: checking for style of include used by make
configure:3282: result: GNU
configure:3352: checking for gcc
configure:3368: found /usr/bin/gcc
configure:3379: result: gcc
configure:3608: checking for C compiler version
configure:3617: gcc --version >&5
gcc (Ubuntu 7.3.0-27ubuntu1~18.04) 7.3.0
Copyright (C) 2017 Free Software Foundation, Inc.
This is free software; see the source for copying conditions.  There is NO
warranty; not even for MERCHANTABILITY or FITNESS FOR A PARTICULAR PURPOSE.

configure:3628: $? = 0
configure:3617: gcc -v >&5
Using built-in specs.
COLLECT_GCC=gcc
COLLECT_LTO_WRAPPER=/usr/lib/gcc/x86_64-linux-gnu/7/lto-wrapper
OFFLOAD_TARGET_NAMES=nvptx-none
OFFLOAD_TARGET_DEFAULT=1
Target: x86_64-linux-gnu
Configured with: ../src/configure -v --with-pkgversion='Ubuntu 7.3.0-27ubuntu1~18.04' --with-bugurl=file:///usr/share/doc/gcc-7/README.Bugs --enable-languages=c,ada,c++,go,brig,d,fortran,objc,obj-c++ --prefix=/usr --with-gcc-major-version-only --program-suffix=-7 --program-prefix=x86_64-linux-gnu- --enable-shared --enable-linker-build-id --libexecdir=/usr/lib --without-included-gettext --enable-threads=posix --libdir=/usr/lib --enable-nls --with-sysroot=/ --enable-clocale=gnu --enable-libstdcxx-debug --enable-libstdcxx-time=yes --with-default-libstdcxx-abi=new --enable-gnu-unique-object --disable-vtable-verify --enable-libmpx --enable-plugin --enable-default-pie --with-system-zlib --with-target-system-zlib --enable-objc-gc=auto --enable-multiarch --disable-werror --with-arch-32=i686 --with-abi=m64 --with-multilib-list=m32,m64,mx32 --enable-multilib --with-tune=generic --enable-offload-targets=nvptx-none --without-cuda-driver --enable-checking=release --build=x86_64-linux-gnu --host=x86_64-linux-gnu --target=x86_64-linux-gnu
Thread model: posix
gcc version 7.3.0 (Ubuntu 7.3.0-27ubuntu1~18.04) 
configure:3628: $? = 0
configure:3617: gcc -V >&5
gcc: error: unrecognized command line option '-V'
gcc: fatal error: no input files
compilation terminated.
configure:3628: $? = 1
configure:3617: gcc -qversion >&5
gcc: error: unrecognized command line option '-qversion'; did you mean '--version'?
gcc: fatal error: no input files
compilation terminated.
configure:3628: $? = 1
configure:3648: checking whether the C compiler works
configure:3670: gcc    conftest.c  >&5
configure:3674: $? = 0
configure:3722: result: yes
configure:3725: checking for C compiler default output file name
configure:3727: result: a.out
configure:3733: checking for suffix of executables
configure:3740: gcc -o conftest    conftest.c  >&5
configure:3744: $? = 0
configure:3766: result: 
configure:3788: checking whether we are cross compiling
configure:3796: gcc -o conftest    conftest.c  >&5
configure:3800: $? = 0
configure:3807: ./conftest
configure:3811: $? = 0
configure:3826: result: no
configure:3831: checking for suffix of object files
configure:3853: gcc -c   conftest.c >&5
configure:3857: $? = 0
configure:3878: result: o
configure:3882: checking whether we are using the GNU C compiler
configure:3901: gcc -c   conftest.c >&5
configure:3901: $? = 0
configure:3910: result: yes
configure:3919: checking whether gcc accepts -g
configure:3939: gcc -c -g  conftest.c >&5
configure:3939: $? = 0
configure:3980: result: yes
configure:3997: checking for gcc option to accept ISO C89
configure:4061: gcc  -c -g -O2  conftest.c >&5
configure:4061: $? = 0
configure:4074: result: none needed
configure:4096: checking dependency style of gcc
configure:4206: result: gcc3
configure:4221: checking for a sed that does not truncate output
configure:4285: result: /bin/sed
configure:4303: checking for grep that handles long lines and -e
configure:4361: result: /bin/grep
configure:4366: checking for egrep
configure:4428: result: /bin/grep -E
configure:4433: checking for fgrep
configure:4495: result: /bin/grep -F
configure:4530: checking for ld used by gcc
configure:4597: result: /usr/bin/ld
configure:4604: checking if the linker (/usr/bin/ld) is GNU ld
configure:4619: result: yes
configure:4631: checking for BSD- or MS-compatible name lister (nm)
configure:4680: result: /usr/bin/nm -B
configure:4798: checking the name lister (/usr/bin/nm -B) interface
configure:4805: gcc -c -g -O2  conftest.c >&5
configure:4808: /usr/bin/nm -B "conftest.o"
configure:4811: output
0000000000000000 B some_variable
configure:4818: result: BSD nm
configure:4821: checking whether ln -s works
configure:4825: result: yes
configure:4833: checking the maximum length of command line arguments
configure:4953: result: 1572864
configure:4970: checking whether the shell understands some XSI constructs
configure:4980: result: yes
configure:4984: checking whether the shell understands "+="
configure:4990: result: yes
configure:5025: checking for /usr/bin/ld option to reload object files
configure:5032: result: -r
configure:5101: checking for objdump
configure:5117: found /usr/bin/objdump
configure:5128: result: objdump
configure:5160: checking how to recognize dependent libraries
configure:5356: result: pass_all
configure:5416: checking for ar
configure:5432: found /usr/bin/ar
configure:5443: result: ar
configure:5521: checking for strip
configure:5537: found /usr/bin/strip
configure:5548: result: strip
configure:5620: checking for ranlib
configure:5636: found /usr/bin/ranlib
configure:5647: result: ranlib
configure:5737: checking command to parse /usr/bin/nm -B output from gcc object
configure:5855: gcc -c -g -O2  conftest.c >&5
configure:5858: $? = 0
configure:5862: /usr/bin/nm -B conftest.o \| sed -n -e 's/^.*[	 ]\([ABCDGIRSTW][ABCDGIRSTW]*\)[	 ][	 ]*\([_A-Za-z][_A-Za-z0-9]*\)$/\1 \2 \2/p' \> conftest.nm
configure:5865: $? = 0
configure:5919: gcc -o conftest -g -O2   conftest.c conftstm.o >&5
configure:5922: $? = 0
configure:5960: result: ok
configure:6056: gcc -c -g -O2  conftest.c >&5
configure:6059: $? = 0
configure:6769: checking how to run the C preprocessor
configure:6800: gcc -E  conftest.c
configure:6800: $? = 0
configure:6814: gcc -E  conftest.c
conftest.c:12:10: fatal error: ac_nonexistent.h: No such file or directory
 #include <ac_nonexistent.h>
          ^~~~~~~~~~~~~~~~~~
compilation terminated.
configure:6814: $? = 1
configure: failed program was:
| /* confdefs.h */
| #define PACKAGE_NAME "Automated Testing Framework"
| #define PACKAGE_TARNAME "atf"
| #define PACKAGE_VERSION "0.15"
| #define PACKAGE_STRING "Automated Testing Framework 0.15"
| #define PACKAGE_BUGREPORT "atf-devel@NetBSD.org"
| #define PACKAGE_URL "http://www.NetBSD.org/~jmmv/atf/"
| #define PACKAGE_COPYRIGHT "Copyright (c) 2007-2012 The NetBSD Foundation, Inc."
| #define PACKAGE "atf"
| #define VERSION "0.15"
| /* end confdefs.h.  */
| #include <ac_nonexistent.h>
configure:6839: result: gcc -E
configure:6859: gcc -E  conftest.c
configure:6859: $? = 0
configure:6873: gcc -E  conftest.c
conftest.c:12:10: fatal error: ac_nonexistent.h: No such file or directory
 #include <ac_nonexistent.h>
          ^~~~~~~~~~~~~~~~~~
compilation terminated.
configure:6873: $? = 1
configure: failed program was:
| /* confdefs.h */
| #define PACKAGE_NAME "Automated Testing Framework"
| #define PACKAGE_TARNAME "atf"
| #define PACKAGE_VERSION "0.15"
| #define PACKAGE_STRING "Automated Testing Framework 0.15"
| #define PACKAGE_BUGREPORT "atf-devel@NetBSD.org"
| #define PACKAGE_URL "http://www.NetBSD.org/~jmmv/atf/"
| #define PACKAGE_COPYRIGHT "Copyright (c) 2007-2012 The NetBSD Foundation, Inc."
| #define PACKAGE "atf"
| #define VERSION "0.15"
| /* end confdefs.h.  */
| #include <ac_nonexistent.h>
configure:6902: checking for ANSI C header files
configure:6922: gcc -c -g -O2  conftest.c >&5
configure:6922: $? = 0
configure:6995: gcc -o conftest -g -O2   conftest.c  >&5
configure:6995: $? = 0
configure:6995: ./conftest
configure:6995: $? = 0
configure:7006: result: yes
configure:7019: checking for sys/types.h
configure:7019: gcc -c -g -O2  conftest.c >&5
configure:7019: $? = 0
configure:7019: result: yes
configure:7019: checking for sys/stat.h
configure:7019: gcc -c -g -O2  conftest.c >&5
configure:7019: $? = 0
configure:7019: result: yes
configure:7019: checking for stdlib.h
configure:7019: gcc -c -g -O2  conftest.c >&5
configure:7019: $? = 0
configure:7019: result: yes
configure:7019: checking for string.h
configure:7019: gcc -c -g -O2  conftest.c >&5
configure:7019: $? = 0
configure:7019: result: yes
configure:7019: checking for memory.h
configure:7019: gcc -c -g -O2  conftest.c >&5
configure:7019: $? = 0
configure:7019: result: yes
configure:7019: checking for strings.h
configure:7019: gcc -c -g -O2  conftest.c >&5
configure:7019: $? = 0
configure:7019: result: yes
configure:7019: checking for inttypes.h
configure:7019: gcc -c -g -O2  conftest.c >&5
configure:7019: $? = 0
configure:7019: result: yes
configure:7019: checking for stdint.h
configure:7019: gcc -c -g -O2  conftest.c >&5
configure:7019: $? = 0
configure:7019: result: yes
configure:7019: checking for unistd.h
configure:7019: gcc -c -g -O2  conftest.c >&5
configure:7019: $? = 0
configure:7019: result: yes
configure:7033: checking for dlfcn.h
configure:7033: gcc -c -g -O2  conftest.c >&5
configure:7033: $? = 0
configure:7033: result: yes
configure:7216: checking for objdir
configure:7231: result: .libs
configure:7527: checking if gcc supports -fno-rtti -fno-exceptions
configure:7545: gcc -c -g -O2  -fno-rtti -fno-exceptions conftest.c >&5
cc1: warning: command line option '-fno-rtti' is valid for C++/ObjC++ but not for C
configure:7549: $? = 0
configure:7562: result: no
configure:7582: checking for gcc option to produce PIC
configure:7854: result: -fPIC -DPIC
configure:7866: checking if gcc PIC flag -fPIC -DPIC works
configure:7884: gcc -c -g -O2  -fPIC -DPIC -DPIC conftest.c >&5
configure:7888: $? = 0
configure:7901: result: yes
configure:7925: checking if gcc static flag -static works
configure:7953: result: yes
configure:7968: checking if gcc supports -c -o file.o
configure:7989: gcc -c -g -O2  -o out/conftest2.o conftest.c >&5
configure:7993: $? = 0
configure:8015: result: yes
configure:8023: checking if gcc supports -c -o file.o
configure:8070: result: yes
configure:8103: checking whether the gcc linker (/usr/bin/ld -m elf_x86_64) supports shared libraries
configure:9089: result: yes
configure:9328: checking dynamic linker characteristics
configure:9761: gcc -o conftest -g -O2   -Wl,-rpath -Wl,/foo conftest.c  >&5
configure:9761: $? = 0
configure:9979: result: GNU/Linux ld.so
configure:10081: checking how to hardcode library paths into programs
configure:10106: result: immediate
configure:10626: checking whether stripping libraries is possible
configure:10631: result: yes
configure:10666: checking if libtool supports shared libraries
configure:10668: result: yes
configure:10671: checking whether to build shared libraries
configure:10692: result: no
configure:10695: checking whether to build static libraries
configure:10699: result: yes
configure:10800: checking for gcc
configure:10827: result: gcc
configure:11056: checking for C compiler version
configure:11065: gcc --version >&5
gcc (Ubuntu 7.3.0-27ubuntu1~18.04) 7.3.0
Copyright (C) 2017 Free Software Foundation, Inc.
This is free software; see the source for copying conditions.  There is NO
warranty; not even for MERCHANTABILITY or FITNESS FOR A PARTICULAR PURPOSE.

configure:11076: $? = 0
configure:11065: gcc -v >&5
Using built-in specs.
COLLECT_GCC=gcc
COLLECT_LTO_WRAPPER=/usr/lib/gcc/x86_64-linux-gnu/7/lto-wrapper
OFFLOAD_TARGET_NAMES=nvptx-none
OFFLOAD_TARGET_DEFAULT=1
Target: x86_64-linux-gnu
Configured with: ../src/configure -v --with-pkgversion='Ubuntu 7.3.0-27ubuntu1~18.04' --with-bugurl=file:///usr/share/doc/gcc-7/README.Bugs --enable-languages=c,ada,c++,go,brig,d,fortran,objc,obj-c++ --prefix=/usr --with-gcc-major-version-only --program-suffix=-7 --program-prefix=x86_64-linux-gnu- --enable-shared --enable-linker-build-id --libexecdir=/usr/lib --without-included-gettext --enable-threads=posix --libdir=/usr/lib --enable-nls --with-sysroot=/ --enable-clocale=gnu --enable-libstdcxx-debug --enable-libstdcxx-time=yes --with-default-libstdcxx-abi=new --enable-gnu-unique-object --disable-vtable-verify --enable-libmpx --enable-plugin --enable-default-pie --with-system-zlib --with-target-system-zlib --enable-objc-gc=auto --enable-multiarch --disable-werror --with-arch-32=i686 --with-abi=m64 --with-multilib-list=m32,m64,mx32 --enable-multilib --with-tune=generic --enable-offload-targets=nvptx-none --without-cuda-driver --enable-checking=release --build=x86_64-linux-gnu --host=x86_64-linux-gnu --target=x86_64-linux-gnu
Thread model: posix
gcc version 7.3.0 (Ubuntu 7.3.0-27ubuntu1~18.04) 
configure:11076: $? = 0
configure:11065: gcc -V >&5
gcc: error: unrecognized command line option '-V'
gcc: fatal error: no input files
compilation terminated.
configure:11076: $? = 1
configure:11065: gcc -qversion >&5
gcc: error: unrecognized command line option '-qversion'; did you mean '--version'?
gcc: fatal error: no input files
compilation terminated.
configure:11076: $? = 1
configure:11080: checking whether we are using the GNU C compiler
configure:11108: result: yes
configure:11117: checking whether gcc accepts -g
configure:11178: result: yes
configure:11195: checking for gcc option to accept ISO C89
configure:11272: result: none needed
configure:11294: checking dependency style of gcc
configure:11404: result: gcc3
configure:11420: checking whether gcc and cc understand -c and -o together
configure:11451: gcc -c conftest.c -o conftest2.o >&5
configure:11455: $? = 0
configure:11461: gcc -c conftest.c -o conftest2.o >&5
configure:11465: $? = 0
configure:11476: cc -c conftest.c >&5
configure:11480: $? = 0
configure:11488: cc -c conftest.c -o conftest2.o >&5
configure:11492: $? = 0
configure:11498: cc -c conftest.c -o conftest2.o >&5
configure:11502: $? = 0
configure:11520: result: yes
configure:11610: checking for g++
configure:11626: found /usr/bin/g++
configure:11637: result: g++
configure:11664: checking for C++ compiler version
configure:11673: g++ --version >&5
g++ (Ubuntu 7.3.0-27ubuntu1~18.04) 7.3.0
Copyright (C) 2017 Free Software Foundation, Inc.
This is free software; see the source for copying conditions.  There is NO
warranty; not even for MERCHANTABILITY or FITNESS FOR A PARTICULAR PURPOSE.

configure:11684: $? = 0
configure:11673: g++ -v >&5
Using built-in specs.
COLLECT_GCC=g++
COLLECT_LTO_WRAPPER=/usr/lib/gcc/x86_64-linux-gnu/7/lto-wrapper
OFFLOAD_TARGET_NAMES=nvptx-none
OFFLOAD_TARGET_DEFAULT=1
Target: x86_64-linux-gnu
Configured with: ../src/configure -v --with-pkgversion='Ubuntu 7.3.0-27ubuntu1~18.04' --with-bugurl=file:///usr/share/doc/gcc-7/README.Bugs --enable-languages=c,ada,c++,go,brig,d,fortran,objc,obj-c++ --prefix=/usr --with-gcc-major-version-only --program-suffix=-7 --program-prefix=x86_64-linux-gnu- --enable-shared --enable-linker-build-id --libexecdir=/usr/lib --without-included-gettext --enable-threads=posix --libdir=/usr/lib --enable-nls --with-sysroot=/ --enable-clocale=gnu --enable-libstdcxx-debug --enable-libstdcxx-time=yes --with-default-libstdcxx-abi=new --enable-gnu-unique-object --disable-vtable-verify --enable-libmpx --enable-plugin --enable-default-pie --with-system-zlib --with-target-system-zlib --enable-objc-gc=auto --enable-multiarch --disable-werror --with-arch-32=i686 --with-abi=m64 --with-multilib-list=m32,m64,mx32 --enable-multilib --with-tune=generic --enable-offload-targets=nvptx-none --without-cuda-driver --enable-checking=release --build=x86_64-linux-gnu --host=x86_64-linux-gnu --target=x86_64-linux-gnu
Thread model: posix
gcc version 7.3.0 (Ubuntu 7.3.0-27ubuntu1~18.04) 
configure:11684: $? = 0
configure:11673: g++ -V >&5
g++: error: unrecognized command line option '-V'
g++: fatal error: no input files
compilation terminated.
configure:11684: $? = 1
configure:11673: g++ -qversion >&5
g++: error: unrecognized command line option '-qversion'; did you mean '--version'?
g++: fatal error: no input files
compilation terminated.
configure:11684: $? = 1
configure:11688: checking whether we are using the GNU C++ compiler
configure:11707: g++ -c   conftest.cpp >&5
configure:11707: $? = 0
configure:11716: result: yes
configure:11725: checking whether g++ accepts -g
configure:11745: g++ -c -g  conftest.cpp >&5
configure:11745: $? = 0
configure:11786: result: yes
configure:11811: checking dependency style of g++
configure:11921: result: gcc3
configure:12049: checking for C++ compiler version
configure:12058: g++ --version >&5
g++ (Ubuntu 7.3.0-27ubuntu1~18.04) 7.3.0
Copyright (C) 2017 Free Software Foundation, Inc.
This is free software; see the source for copying conditions.  There is NO
warranty; not even for MERCHANTABILITY or FITNESS FOR A PARTICULAR PURPOSE.

configure:12069: $? = 0
configure:12058: g++ -v >&5
Using built-in specs.
COLLECT_GCC=g++
COLLECT_LTO_WRAPPER=/usr/lib/gcc/x86_64-linux-gnu/7/lto-wrapper
OFFLOAD_TARGET_NAMES=nvptx-none
OFFLOAD_TARGET_DEFAULT=1
Target: x86_64-linux-gnu
Configured with: ../src/configure -v --with-pkgversion='Ubuntu 7.3.0-27ubuntu1~18.04' --with-bugurl=file:///usr/share/doc/gcc-7/README.Bugs --enable-languages=c,ada,c++,go,brig,d,fortran,objc,obj-c++ --prefix=/usr --with-gcc-major-version-only --program-suffix=-7 --program-prefix=x86_64-linux-gnu- --enable-shared --enable-linker-build-id --libexecdir=/usr/lib --without-included-gettext --enable-threads=posix --libdir=/usr/lib --enable-nls --with-sysroot=/ --enable-clocale=gnu --enable-libstdcxx-debug --enable-libstdcxx-time=yes --with-default-libstdcxx-abi=new --enable-gnu-unique-object --disable-vtable-verify --enable-libmpx --enable-plugin --enable-default-pie --with-system-zlib --with-target-system-zlib --enable-objc-gc=auto --enable-multiarch --disable-werror --with-arch-32=i686 --with-abi=m64 --with-multilib-list=m32,m64,mx32 --enable-multilib --with-tune=generic --enable-offload-targets=nvptx-none --without-cuda-driver --enable-checking=release --build=x86_64-linux-gnu --host=x86_64-linux-gnu --target=x86_64-linux-gnu
Thread model: posix
gcc version 7.3.0 (Ubuntu 7.3.0-27ubuntu1~18.04) 
configure:12069: $? = 0
configure:12058: g++ -V >&5
g++: error: unrecognized command line option '-V'
g++: fatal error: no input files
compilation terminated.
configure:12069: $? = 1
configure:12058: g++ -qversion >&5
g++: error: unrecognized command line option '-qversion'; did you mean '--version'?
g++: fatal error: no input files
compilation terminated.
configure:12069: $? = 1
configure:12073: checking whether we are using the GNU C++ compiler
configure:12101: result: yes
configure:12110: checking whether g++ accepts -g
configure:12171: result: yes
configure:12196: checking dependency style of g++
configure:12306: result: gcc3
configure:12329: checking how to run the C++ preprocessor
configure:12356: g++ -E  conftest.cpp
configure:12356: $? = 0
configure:12370: g++ -E  conftest.cpp
conftest.cpp:24:10: fatal error: ac_nonexistent.h: No such file or directory
 #include <ac_nonexistent.h>
          ^~~~~~~~~~~~~~~~~~
compilation terminated.
configure:12370: $? = 1
configure: failed program was:
| /* confdefs.h */
| #define PACKAGE_NAME "Automated Testing Framework"
| #define PACKAGE_TARNAME "atf"
| #define PACKAGE_VERSION "0.15"
| #define PACKAGE_STRING "Automated Testing Framework 0.15"
| #define PACKAGE_BUGREPORT "atf-devel@NetBSD.org"
| #define PACKAGE_URL "http://www.NetBSD.org/~jmmv/atf/"
| #define PACKAGE_COPYRIGHT "Copyright (c) 2007-2012 The NetBSD Foundation, Inc."
| #define PACKAGE "atf"
| #define VERSION "0.15"
| #define STDC_HEADERS 1
| #define HAVE_SYS_TYPES_H 1
| #define HAVE_SYS_STAT_H 1
| #define HAVE_STDLIB_H 1
| #define HAVE_STRING_H 1
| #define HAVE_MEMORY_H 1
| #define HAVE_STRINGS_H 1
| #define HAVE_INTTYPES_H 1
| #define HAVE_STDINT_H 1
| #define HAVE_UNISTD_H 1
| #define HAVE_DLFCN_H 1
| #define LT_OBJDIR ".libs/"
| /* end confdefs.h.  */
| #include <ac_nonexistent.h>
configure:12395: result: g++ -E
configure:12415: g++ -E  conftest.cpp
configure:12415: $? = 0
configure:12429: g++ -E  conftest.cpp
conftest.cpp:24:10: fatal error: ac_nonexistent.h: No such file or directory
 #include <ac_nonexistent.h>
          ^~~~~~~~~~~~~~~~~~
compilation terminated.
configure:12429: $? = 1
configure: failed program was:
| /* confdefs.h */
| #define PACKAGE_NAME "Automated Testing Framework"
| #define PACKAGE_TARNAME "atf"
| #define PACKAGE_VERSION "0.15"
| #define PACKAGE_STRING "Automated Testing Framework 0.15"
| #define PACKAGE_BUGREPORT "atf-devel@NetBSD.org"
| #define PACKAGE_URL "http://www.NetBSD.org/~jmmv/atf/"
| #define PACKAGE_COPYRIGHT "Copyright (c) 2007-2012 The NetBSD Foundation, Inc."
| #define PACKAGE "atf"
| #define VERSION "0.15"
| #define STDC_HEADERS 1
| #define HAVE_SYS_TYPES_H 1
| #define HAVE_SYS_STAT_H 1
| #define HAVE_STDLIB_H 1
| #define HAVE_STRING_H 1
| #define HAVE_MEMORY_H 1
| #define HAVE_STRINGS_H 1
| #define HAVE_INTTYPES_H 1
| #define HAVE_STDINT_H 1
| #define HAVE_UNISTD_H 1
| #define HAVE_DLFCN_H 1
| #define LT_OBJDIR ".libs/"
| /* end confdefs.h.  */
| #include <ac_nonexistent.h>
configure:12597: checking for ld used by g++
configure:12664: result: /usr/bin/ld -m elf_x86_64
configure:12671: checking if the linker (/usr/bin/ld -m elf_x86_64) is GNU ld
configure:12686: result: yes
configure:12741: checking whether the g++ linker (/usr/bin/ld -m elf_x86_64) supports shared libraries
configure:13654: result: yes
configure:13682: g++ -c -g -O2  conftest.cpp >&5
configure:13685: $? = 0
configure:13867: checking for g++ option to produce PIC
configure:14184: result: -fPIC -DPIC
configure:14193: checking if g++ PIC flag -fPIC -DPIC works
configure:14211: g++ -c -g -O2  -fPIC -DPIC -DPIC conftest.cpp >&5
configure:14215: $? = 0
configure:14228: result: yes
configure:14249: checking if g++ static flag -static works
configure:14277: result: yes
configure:14289: checking if g++ supports -c -o file.o
configure:14310: g++ -c -g -O2  -o out/conftest2.o conftest.cpp >&5
configure:14314: $? = 0
configure:14336: result: yes
configure:14341: checking if g++ supports -c -o file.o
configure:14388: result: yes
configure:14418: checking whether the g++ linker (/usr/bin/ld -m elf_x86_64) supports shared libraries
configure:14444: result: yes
configure:14581: checking dynamic linker characteristics
configure:14962: g++ -o conftest -g -O2   -Wl,-rpath -Wl,/foo conftest.cpp  >&5
configure:14962: $? = 0
configure:15180: result: GNU/Linux ld.so
configure:15231: checking how to hardcode library paths into programs
configure:15256: result: immediate
configure:15295: checking whether the C++ compiler works
configure:15317: g++ -o conftest -g -O2   conftest.cpp  >&5
configure:15317: $? = 0
configure:15331: result: yes
configure:15411: checking whether gcc supports -Werror
configure:15427: gcc -o conftest -g -O2  -Werror   conftest.c  >&5
configure:15427: $? = 0
configure:15428: result: yes
configure:15447: checking whether gcc supports -D_FORTIFY_SOURCE=2
configure:15463: gcc -o conftest -g -O2 -Werror -D_FORTIFY_SOURCE=2   conftest.c  >&5
configure:15463: $? = 0
configure:15464: result: yes
configure:15447: checking whether gcc supports -Wall
configure:15463: gcc -o conftest -g -O2 -Werror -Wall   conftest.c  >&5
configure:15463: $? = 0
configure:15464: result: yes
configure:15447: checking whether gcc supports -Wcast-qual
configure:15463: gcc -o conftest -g -O2 -Werror -Wcast-qual   conftest.c  >&5
configure:15463: $? = 0
configure:15464: result: yes
configure:15447: checking whether gcc supports -Wextra
configure:15463: gcc -o conftest -g -O2 -Werror -Wextra   conftest.c  >&5
configure:15463: $? = 0
configure:15464: result: yes
configure:15447: checking whether gcc supports -Wpointer-arith
configure:15463: gcc -o conftest -g -O2 -Werror -Wpointer-arith   conftest.c  >&5
configure:15463: $? = 0
configure:15464: result: yes
configure:15447: checking whether gcc supports -Wredundant-decls
configure:15463: gcc -o conftest -g -O2 -Werror -Wredundant-decls   conftest.c  >&5
configure:15463: $? = 0
configure:15464: result: yes
configure:15447: checking whether gcc supports -Wreturn-type
configure:15463: gcc -o conftest -g -O2 -Werror -Wreturn-type   conftest.c  >&5
configure:15463: $? = 0
configure:15464: result: yes
configure:15447: checking whether gcc supports -Wshadow
configure:15463: gcc -o conftest -g -O2 -Werror -Wshadow   conftest.c  >&5
configure:15463: $? = 0
configure:15464: result: yes
configure:15447: checking whether gcc supports -Wsign-compare
configure:15463: gcc -o conftest -g -O2 -Werror -Wsign-compare   conftest.c  >&5
configure:15463: $? = 0
configure:15464: result: yes
configure:15447: checking whether gcc supports -Wswitch
configure:15463: gcc -o conftest -g -O2 -Werror -Wswitch   conftest.c  >&5
configure:15463: $? = 0
configure:15464: result: yes
configure:15447: checking whether gcc supports -Wwrite-strings
configure:15463: gcc -o conftest -g -O2 -Werror -Wwrite-strings   conftest.c  >&5
configure:15463: $? = 0
configure:15464: result: yes
configure:15447: checking whether gcc supports -DNDEBUG
configure:15463: gcc -o conftest -g -O2 -Werror -DNDEBUG   conftest.c  >&5
configure:15463: $? = 0
configure:15464: result: yes
configure:15447: checking whether gcc supports -Wmissing-prototypes
configure:15463: gcc -o conftest -g -O2 -Werror -Wmissing-prototypes   conftest.c  >&5
configure:15463: $? = 0
configure:15464: result: yes
configure:15447: checking whether gcc supports -Wno-traditional
configure:15463: gcc -o conftest -g -O2 -Werror -Wno-traditional   conftest.c  >&5
configure:15463: $? = 0
configure:15464: result: yes
configure:15447: checking whether gcc supports -Wstrict-prototypes
configure:15463: gcc -o conftest -g -O2 -Werror -Wstrict-prototypes   conftest.c  >&5
conftest.c:26:1: error: function declaration isn't a prototype [-Werror=strict-prototypes]
 main ()
 ^~~~
cc1: all warnings being treated as errors
configure:15463: $? = 1
configure: failed program was:
| /* confdefs.h */
| #define PACKAGE_NAME "Automated Testing Framework"
| #define PACKAGE_TARNAME "atf"
| #define PACKAGE_VERSION "0.15"
| #define PACKAGE_STRING "Automated Testing Framework 0.15"
| #define PACKAGE_BUGREPORT "atf-devel@NetBSD.org"
| #define PACKAGE_URL "http://www.NetBSD.org/~jmmv/atf/"
| #define PACKAGE_COPYRIGHT "Copyright (c) 2007-2012 The NetBSD Foundation, Inc."
| #define PACKAGE "atf"
| #define VERSION "0.15"
| #define STDC_HEADERS 1
| #define HAVE_SYS_TYPES_H 1
| #define HAVE_SYS_STAT_H 1
| #define HAVE_STDLIB_H 1
| #define HAVE_STRING_H 1
| #define HAVE_MEMORY_H 1
| #define HAVE_STRINGS_H 1
| #define HAVE_INTTYPES_H 1
| #define HAVE_STDINT_H 1
| #define HAVE_UNISTD_H 1
| #define HAVE_DLFCN_H 1
| #define LT_OBJDIR ".libs/"
| /* end confdefs.h.  */
| 
| int
| main ()
| {
| return 0;
|   ;
|   return 0;
| }
configure:15468: result: no
configure:15540: checking whether g++ supports -Werror
configure:15556: g++ -o conftest -g -O2  -Werror   conftest.cpp  >&5
configure:15556: $? = 0
configure:15557: result: yes
configure:15576: checking whether g++ supports -D_FORTIFY_SOURCE=2
configure:15592: g++ -o conftest -g -O2 -Werror -D_FORTIFY_SOURCE=2   conftest.cpp  >&5
configure:15592: $? = 0
configure:15593: result: yes
configure:15576: checking whether g++ supports -Wall
configure:15592: g++ -o conftest -g -O2 -Werror -Wall   conftest.cpp  >&5
configure:15592: $? = 0
configure:15593: result: yes
configure:15576: checking whether g++ supports -Wcast-qual
configure:15592: g++ -o conftest -g -O2 -Werror -Wcast-qual   conftest.cpp  >&5
configure:15592: $? = 0
configure:15593: result: yes
configure:15576: checking whether g++ supports -Wextra
configure:15592: g++ -o conftest -g -O2 -Werror -Wextra   conftest.cpp  >&5
configure:15592: $? = 0
configure:15593: result: yes
configure:15576: checking whether g++ supports -Wpointer-arith
configure:15592: g++ -o conftest -g -O2 -Werror -Wpointer-arith   conftest.cpp  >&5
configure:15592: $? = 0
configure:15593: result: yes
configure:15576: checking whether g++ supports -Wredundant-decls
configure:15592: g++ -o conftest -g -O2 -Werror -Wredundant-decls   conftest.cpp  >&5
configure:15592: $? = 0
configure:15593: result: yes
configure:15576: checking whether g++ supports -Wreturn-type
configure:15592: g++ -o conftest -g -O2 -Werror -Wreturn-type   conftest.cpp  >&5
configure:15592: $? = 0
configure:15593: result: yes
configure:15576: checking whether g++ supports -Wshadow
configure:15592: g++ -o conftest -g -O2 -Werror -Wshadow   conftest.cpp  >&5
configure:15592: $? = 0
configure:15593: result: yes
configure:15576: checking whether g++ supports -Wsign-compare
configure:15592: g++ -o conftest -g -O2 -Werror -Wsign-compare   conftest.cpp  >&5
configure:15592: $? = 0
configure:15593: result: yes
configure:15576: checking whether g++ supports -Wswitch
configure:15592: g++ -o conftest -g -O2 -Werror -Wswitch   conftest.cpp  >&5
configure:15592: $? = 0
configure:15593: result: yes
configure:15576: checking whether g++ supports -Wwrite-strings
configure:15592: g++ -o conftest -g -O2 -Werror -Wwrite-strings   conftest.cpp  >&5
configure:15592: $? = 0
configure:15593: result: yes
configure:15576: checking whether g++ supports -DNDEBUG
configure:15592: g++ -o conftest -g -O2 -Werror -DNDEBUG   conftest.cpp  >&5
configure:15592: $? = 0
configure:15593: result: yes
configure:15576: checking whether g++ supports -Wabi
configure:15592: g++ -o conftest -g -O2 -Werror -Wabi   conftest.cpp  >&5
configure:15592: $? = 0
configure:15593: result: yes
configure:15576: checking whether g++ supports -Wctor-dtor-privacy
configure:15592: g++ -o conftest -g -O2 -Werror -Wctor-dtor-privacy   conftest.cpp  >&5
configure:15592: $? = 0
configure:15593: result: yes
configure:15576: checking whether g++ supports -Wno-deprecated
configure:15592: g++ -o conftest -g -O2 -Werror -Wno-deprecated   conftest.cpp  >&5
configure:15592: $? = 0
configure:15593: result: yes
configure:15576: checking whether g++ supports -Wno-non-template-friend
configure:15592: g++ -o conftest -g -O2 -Werror -Wno-non-template-friend   conftest.cpp  >&5
configure:15592: $? = 0
configure:15593: result: yes
configure:15576: checking whether g++ supports -Wno-pmf-conversions
configure:15592: g++ -o conftest -g -O2 -Werror -Wno-pmf-conversions   conftest.cpp  >&5
configure:15592: $? = 0
configure:15593: result: yes
configure:15576: checking whether g++ supports -Wnon-virtual-dtor
configure:15592: g++ -o conftest -g -O2 -Werror -Wnon-virtual-dtor   conftest.cpp  >&5
configure:15592: $? = 0
configure:15593: result: yes
configure:15576: checking whether g++ supports -Woverloaded-virtual
configure:15592: g++ -o conftest -g -O2 -Werror -Woverloaded-virtual   conftest.cpp  >&5
configure:15592: $? = 0
configure:15593: result: yes
configure:15576: checking whether g++ supports -Wreorder
configure:15592: g++ -o conftest -g -O2 -Werror -Wreorder   conftest.cpp  >&5
configure:15592: $? = 0
configure:15593: result: yes
configure:15576: checking whether g++ supports -Wsign-promo
configure:15592: g++ -o conftest -g -O2 -Werror -Wsign-promo   conftest.cpp  >&5
configure:15592: $? = 0
configure:15593: result: yes
configure:15576: checking whether g++ supports -Wsynth
configure:15592: g++ -o conftest -g -O2 -Werror -Wsynth   conftest.cpp  >&5
configure:15592: $? = 0
configure:15593: result: yes
configure:15660: checking whether vsnprintf is in std
configure:15678: g++ -c -g -O2  -D_FORTIFY_SOURCE=2 -Wall -Wcast-qual -Wextra -Wpointer-arith -Wredundant-decls -Wreturn-type -Wshadow -Wsign-compare -Wswitch -Wwrite-strings -DNDEBUG -Wabi -Wctor-dtor-privacy -Wno-deprecated -Wno-non-template-friend -Wno-pmf-conversions -Wnon-virtual-dtor -Woverloaded-virtual -Wreorder -Wsign-promo -Wsynth  conftest.cpp >&5
configure:15678: $? = 0
configure:15679: result: yes
configure:15699: checking whether getopt allows a + sign for POSIX behavior
configure:15749: gcc -o conftest -g -O2  -D_FORTIFY_SOURCE=2 -Wall -Wcast-qual -Wextra -Wpointer-arith -Wredundant-decls -Wreturn-type -Wshadow -Wsign-compare -Wswitch -Wwrite-strings -DNDEBUG -Wmissing-prototypes -Wno-traditional   conftest.c  >&5
configure:15749: $? = 0
configure:15749: ./conftest
conftest: invalid option -- '+'
configure:15749: $? = 0
configure:15761: result: yes
configure:15776: checking whether getopt has optreset
configure:15793: gcc -c -g -O2  -D_FORTIFY_SOURCE=2 -Wall -Wcast-qual -Wextra -Wpointer-arith -Wredundant-decls -Wreturn-type -Wshadow -Wsign-compare -Wswitch -Wwrite-strings -DNDEBUG -Wmissing-prototypes -Wno-traditional  conftest.c >&5
conftest.c: In function 'main':
conftest.c:32:5: error: 'optreset' undeclared (first use in this function); did you mean 'optopt'?
     optreset = 1;
     ^~~~~~~~
     optopt
conftest.c:32:5: note: each undeclared identifier is reported only once for each function it appears in
configure:15793: $? = 1
configure: failed program was:
| /* confdefs.h */
| #define PACKAGE_NAME "Automated Testing Framework"
| #define PACKAGE_TARNAME "atf"
| #define PACKAGE_VERSION "0.15"
| #define PACKAGE_STRING "Automated Testing Framework 0.15"
| #define PACKAGE_BUGREPORT "atf-devel@NetBSD.org"
| #define PACKAGE_URL "http://www.NetBSD.org/~jmmv/atf/"
| #define PACKAGE_COPYRIGHT "Copyright (c) 2007-2012 The NetBSD Foundation, Inc."
| #define PACKAGE "atf"
| #define VERSION "0.15"
| #define STDC_HEADERS 1
| #define HAVE_SYS_TYPES_H 1
| #define HAVE_SYS_STAT_H 1
| #define HAVE_STDLIB_H 1
| #define HAVE_STRING_H 1
| #define HAVE_MEMORY_H 1
| #define HAVE_STRINGS_H 1
| #define HAVE_INTTYPES_H 1
| #define HAVE_STDINT_H 1
| #define HAVE_UNISTD_H 1
| #define HAVE_DLFCN_H 1
| #define LT_OBJDIR ".libs/"
| #define HAVE_VSNPRINTF_IN_STD 1
| #define HAVE_GNU_GETOPT 1
| /* end confdefs.h.  */
| #include <stdlib.h>
| #include <unistd.h>
| int
| main ()
| {
| 
|     optreset = 1;
|     return EXIT_SUCCESS;
| 
|   ;
|   return 0;
| }
configure:15804: result: no
configure:15815: checking whether __attribute__((__format__(__printf__, a, b))) is supported
configure:15846: g++ -c -g -O2  -D_FORTIFY_SOURCE=2 -Wall -Wcast-qual -Wextra -Wpointer-arith -Wredundant-decls -Wreturn-type -Wshadow -Wsign-compare -Wswitch -Wwrite-strings -DNDEBUG -Wabi -Wctor-dtor-privacy -Wno-deprecated -Wno-non-template-friend -Wno-pmf-conversions -Wnon-virtual-dtor -Woverloaded-virtual -Wreorder -Wsign-promo -Wsynth  conftest.cpp >&5
configure:15846: $? = 0
configure:15847: result: yes
configure:15861: checking whether __attribute__((__noreturn__)) is supported
configure:15886: g++ -o conftest -g -O2  -D_FORTIFY_SOURCE=2 -Wall -Wcast-qual -Wextra -Wpointer-arith -Wredundant-decls -Wreturn-type -Wshadow -Wsign-compare -Wswitch -Wwrite-strings -DNDEBUG -Wabi -Wctor-dtor-privacy -Wno-deprecated -Wno-non-template-friend -Wno-pmf-conversions -Wnon-virtual-dtor -Woverloaded-virtual -Wreorder -Wsign-promo -Wsynth   conftest.cpp  >&5
configure:15886: $? = 0
configure:15886: ./conftest
configure:15886: $? = 0
configure:15887: result: yes
configure:15904: checking whether __attribute__((__unused__)) is supported
configure:15924: g++ -c -g -O2  -D_FORTIFY_SOURCE=2 -Wall -Wcast-qual -Wextra -Wpointer-arith -Wredundant-decls -Wreturn-type -Wshadow -Wsign-compare -Wswitch -Wwrite-strings -DNDEBUG -Wabi -Wctor-dtor-privacy -Wno-deprecated -Wno-non-template-friend -Wno-pmf-conversions -Wnon-virtual-dtor -Woverloaded-virtual -Wreorder -Wsign-promo -Wsynth  conftest.cpp >&5
configure:15924: $? = 0
configure:15925: result: yes
configure:15943: checking for putenv
configure:15943: g++ -o conftest -g -O2  -D_FORTIFY_SOURCE=2 -Wall -Wcast-qual -Wextra -Wpointer-arith -Wredundant-decls -Wreturn-type -Wshadow -Wsign-compare -Wswitch -Wwrite-strings -DNDEBUG -Wabi -Wctor-dtor-privacy -Wno-deprecated -Wno-non-template-friend -Wno-pmf-conversions -Wnon-virtual-dtor -Woverloaded-virtual -Wreorder -Wsign-promo -Wsynth   conftest.cpp  >&5
configure:15943: $? = 0
configure:15943: result: yes
configure:15943: checking for setenv
configure:15943: g++ -o conftest -g -O2  -D_FORTIFY_SOURCE=2 -Wall -Wcast-qual -Wextra -Wpointer-arith -Wredundant-decls -Wreturn-type -Wshadow -Wsign-compare -Wswitch -Wwrite-strings -DNDEBUG -Wabi -Wctor-dtor-privacy -Wno-deprecated -Wno-non-template-friend -Wno-pmf-conversions -Wnon-virtual-dtor -Woverloaded-virtual -Wreorder -Wsign-promo -Wsynth   conftest.cpp  >&5
configure:15943: $? = 0
configure:15943: result: yes
configure:15943: checking for unsetenv
configure:15943: g++ -o conftest -g -O2  -D_FORTIFY_SOURCE=2 -Wall -Wcast-qual -Wextra -Wpointer-arith -Wredundant-decls -Wreturn-type -Wshadow -Wsign-compare -Wswitch -Wwrite-strings -DNDEBUG -Wabi -Wctor-dtor-privacy -Wno-deprecated -Wno-non-template-friend -Wno-pmf-conversions -Wnon-virtual-dtor -Woverloaded-virtual -Wreorder -Wsign-promo -Wsynth   conftest.cpp  >&5
configure:15943: $? = 0
configure:15943: result: yes
configure:15955: checking whether putenv is in std
configure:15969: g++ -c -g -O2  -D_FORTIFY_SOURCE=2 -Wall -Wcast-qual -Wextra -Wpointer-arith -Wredundant-decls -Wreturn-type -Wshadow -Wsign-compare -Wswitch -Wwrite-strings -DNDEBUG -Wabi -Wctor-dtor-privacy -Wno-deprecated -Wno-non-template-friend -Wno-pmf-conversions -Wnon-virtual-dtor -Woverloaded-virtual -Wreorder -Wsign-promo -Wsynth  conftest.cpp >&5
conftest.cpp: In function 'int main()':
conftest.cpp:33:6: error: 'putenv' is not a member of 'std'
 std::putenv("a=b");
      ^~~~~~
configure:15969: $? = 1
configure: failed program was:
| /* confdefs.h */
| #define PACKAGE_NAME "Automated Testing Framework"
| #define PACKAGE_TARNAME "atf"
| #define PACKAGE_VERSION "0.15"
| #define PACKAGE_STRING "Automated Testing Framework 0.15"
| #define PACKAGE_BUGREPORT "atf-devel@NetBSD.org"
| #define PACKAGE_URL "http://www.NetBSD.org/~jmmv/atf/"
| #define PACKAGE_COPYRIGHT "Copyright (c) 2007-2012 The NetBSD Foundation, Inc."
| #define PACKAGE "atf"
| #define VERSION "0.15"
| #define STDC_HEADERS 1
| #define HAVE_SYS_TYPES_H 1
| #define HAVE_SYS_STAT_H 1
| #define HAVE_STDLIB_H 1
| #define HAVE_STRING_H 1
| #define HAVE_MEMORY_H 1
| #define HAVE_STRINGS_H 1
| #define HAVE_INTTYPES_H 1
| #define HAVE_STDINT_H 1
| #define HAVE_UNISTD_H 1
| #define HAVE_DLFCN_H 1
| #define LT_OBJDIR ".libs/"
| #define HAVE_VSNPRINTF_IN_STD 1
| #define HAVE_GNU_GETOPT 1
| #define HAVE_PUTENV 1
| #define HAVE_SETENV 1
| #define HAVE_UNSETENV 1
| /* end confdefs.h.  */
| #include <cstdio>
| int
| main ()
| {
| std::putenv("a=b");
|                      return 0;
|   ;
|   return 0;
| }
configure:15976: result: no
configure:15985: checking whether setenv is in std
configure:15999: g++ -c -g -O2  -D_FORTIFY_SOURCE=2 -Wall -Wcast-qual -Wextra -Wpointer-arith -Wredundant-decls -Wreturn-type -Wshadow -Wsign-compare -Wswitch -Wwrite-strings -DNDEBUG -Wabi -Wctor-dtor-privacy -Wno-deprecated -Wno-non-template-friend -Wno-pmf-conversions -Wnon-virtual-dtor -Woverloaded-virtual -Wreorder -Wsign-promo -Wsynth  conftest.cpp >&5
conftest.cpp: In function 'int main()':
conftest.cpp:33:6: error: 'setenv' is not a member of 'std'
 std::setenv("a", "b");
      ^~~~~~
configure:15999: $? = 1
configure: failed program was:
| /* confdefs.h */
| #define PACKAGE_NAME "Automated Testing Framework"
| #define PACKAGE_TARNAME "atf"
| #define PACKAGE_VERSION "0.15"
| #define PACKAGE_STRING "Automated Testing Framework 0.15"
| #define PACKAGE_BUGREPORT "atf-devel@NetBSD.org"
| #define PACKAGE_URL "http://www.NetBSD.org/~jmmv/atf/"
| #define PACKAGE_COPYRIGHT "Copyright (c) 2007-2012 The NetBSD Foundation, Inc."
| #define PACKAGE "atf"
| #define VERSION "0.15"
| #define STDC_HEADERS 1
| #define HAVE_SYS_TYPES_H 1
| #define HAVE_SYS_STAT_H 1
| #define HAVE_STDLIB_H 1
| #define HAVE_STRING_H 1
| #define HAVE_MEMORY_H 1
| #define HAVE_STRINGS_H 1
| #define HAVE_INTTYPES_H 1
| #define HAVE_STDINT_H 1
| #define HAVE_UNISTD_H 1
| #define HAVE_DLFCN_H 1
| #define LT_OBJDIR ".libs/"
| #define HAVE_VSNPRINTF_IN_STD 1
| #define HAVE_GNU_GETOPT 1
| #define HAVE_PUTENV 1
| #define HAVE_SETENV 1
| #define HAVE_UNSETENV 1
| /* end confdefs.h.  */
| #include <cstdio>
| int
| main ()
| {
| std::setenv("a", "b");
|                      return 0;
|   ;
|   return 0;
| }
configure:16006: result: no
configure:16015: checking whether unsetenv is in std
configure:16029: g++ -c -g -O2  -D_FORTIFY_SOURCE=2 -Wall -Wcast-qual -Wextra -Wpointer-arith -Wredundant-decls -Wreturn-type -Wshadow -Wsign-compare -Wswitch -Wwrite-strings -DNDEBUG -Wabi -Wctor-dtor-privacy -Wno-deprecated -Wno-non-template-friend -Wno-pmf-conversions -Wnon-virtual-dtor -Woverloaded-virtual -Wreorder -Wsign-promo -Wsynth  conftest.cpp >&5
conftest.cpp: In function 'int main()':
conftest.cpp:33:6: error: 'unsetenv' is not a member of 'std'
 std::unsetenv("a");
      ^~~~~~~~
configure:16029: $? = 1
configure: failed program was:
| /* confdefs.h */
| #define PACKAGE_NAME "Automated Testing Framework"
| #define PACKAGE_TARNAME "atf"
| #define PACKAGE_VERSION "0.15"
| #define PACKAGE_STRING "Automated Testing Framework 0.15"
| #define PACKAGE_BUGREPORT "atf-devel@NetBSD.org"
| #define PACKAGE_URL "http://www.NetBSD.org/~jmmv/atf/"
| #define PACKAGE_COPYRIGHT "Copyright (c) 2007-2012 The NetBSD Foundation, Inc."
| #define PACKAGE "atf"
| #define VERSION "0.15"
| #define STDC_HEADERS 1
| #define HAVE_SYS_TYPES_H 1
| #define HAVE_SYS_STAT_H 1
| #define HAVE_STDLIB_H 1
| #define HAVE_STRING_H 1
| #define HAVE_MEMORY_H 1
| #define HAVE_STRINGS_H 1
| #define HAVE_INTTYPES_H 1
| #define HAVE_STDINT_H 1
| #define HAVE_UNISTD_H 1
| #define HAVE_DLFCN_H 1
| #define LT_OBJDIR ".libs/"
| #define HAVE_VSNPRINTF_IN_STD 1
| #define HAVE_GNU_GETOPT 1
| #define HAVE_PUTENV 1
| #define HAVE_SETENV 1
| #define HAVE_UNSETENV 1
| /* end confdefs.h.  */
| #include <cstdio>
| int
| main ()
| {
| std::unsetenv("a");
|                      return 0;
|   ;
|   return 0;
| }
configure:16036: result: no
configure:16045: checking whether basename takes a constant pointer
configure:16061: g++ -c -g -O2  -D_FORTIFY_SOURCE=2 -Wall -Wcast-qual -Wextra -Wpointer-arith -Wredundant-decls -Wreturn-type -Wshadow -Wsign-compare -Wswitch -Wwrite-strings -DNDEBUG -Wabi -Wctor-dtor-privacy -Wno-deprecated -Wno-non-template-friend -Wno-pmf-conversions -Wnon-virtual-dtor -Woverloaded-virtual -Wreorder -Wsign-promo -Wsynth  conftest.cpp >&5
conftest.cpp: In function 'int main()':
conftest.cpp:35:28: error: invalid conversion from 'const char*' to 'char*' [-fpermissive]
          (void)::basename(s);
                            ^
In file included from conftest.cpp:29:0:
/usr/include/libgen.h:34:14: note:   initializing argument 1 of 'char* __xpg_basename(char*)'
 extern char *__xpg_basename (char *__path) __THROW;
              ^~~~~~~~~~~~~~
configure:16061: $? = 1
configure: failed program was:
| /* confdefs.h */
| #define PACKAGE_NAME "Automated Testing Framework"
| #define PACKAGE_TARNAME "atf"
| #define PACKAGE_VERSION "0.15"
| #define PACKAGE_STRING "Automated Testing Framework 0.15"
| #define PACKAGE_BUGREPORT "atf-devel@NetBSD.org"
| #define PACKAGE_URL "http://www.NetBSD.org/~jmmv/atf/"
| #define PACKAGE_COPYRIGHT "Copyright (c) 2007-2012 The NetBSD Foundation, Inc."
| #define PACKAGE "atf"
| #define VERSION "0.15"
| #define STDC_HEADERS 1
| #define HAVE_SYS_TYPES_H 1
| #define HAVE_SYS_STAT_H 1
| #define HAVE_STDLIB_H 1
| #define HAVE_STRING_H 1
| #define HAVE_MEMORY_H 1
| #define HAVE_STRINGS_H 1
| #define HAVE_INTTYPES_H 1
| #define HAVE_STDINT_H 1
| #define HAVE_UNISTD_H 1
| #define HAVE_DLFCN_H 1
| #define LT_OBJDIR ".libs/"
| #define HAVE_VSNPRINTF_IN_STD 1
| #define HAVE_GNU_GETOPT 1
| #define HAVE_PUTENV 1
| #define HAVE_SETENV 1
| #define HAVE_UNSETENV 1
| /* end confdefs.h.  */
| #include <libgen.h>
| int
| main ()
| {
| 
|          const char* s = "/foo/bar/";
|          (void)::basename(s);
| 
|   ;
|   return 0;
| }
configure:16068: result: no
configure:16073: checking whether dirname takes a constant pointer
configure:16089: g++ -c -g -O2  -D_FORTIFY_SOURCE=2 -Wall -Wcast-qual -Wextra -Wpointer-arith -Wredundant-decls -Wreturn-type -Wshadow -Wsign-compare -Wswitch -Wwrite-strings -DNDEBUG -Wabi -Wctor-dtor-privacy -Wno-deprecated -Wno-non-template-friend -Wno-pmf-conversions -Wnon-virtual-dtor -Woverloaded-virtual -Wreorder -Wsign-promo -Wsynth  conftest.cpp >&5
conftest.cpp: In function 'int main()':
conftest.cpp:35:27: error: invalid conversion from 'const char*' to 'char*' [-fpermissive]
          (void)::dirname(s);
                           ^
In file included from conftest.cpp:29:0:
/usr/include/libgen.h:26:14: note:   initializing argument 1 of 'char* dirname(char*)'
 extern char *dirname (char *__path) __THROW;
              ^~~~~~~
configure:16089: $? = 1
configure: failed program was:
| /* confdefs.h */
| #define PACKAGE_NAME "Automated Testing Framework"
| #define PACKAGE_TARNAME "atf"
| #define PACKAGE_VERSION "0.15"
| #define PACKAGE_STRING "Automated Testing Framework 0.15"
| #define PACKAGE_BUGREPORT "atf-devel@NetBSD.org"
| #define PACKAGE_URL "http://www.NetBSD.org/~jmmv/atf/"
| #define PACKAGE_COPYRIGHT "Copyright (c) 2007-2012 The NetBSD Foundation, Inc."
| #define PACKAGE "atf"
| #define VERSION "0.15"
| #define STDC_HEADERS 1
| #define HAVE_SYS_TYPES_H 1
| #define HAVE_SYS_STAT_H 1
| #define HAVE_STDLIB_H 1
| #define HAVE_STRING_H 1
| #define HAVE_MEMORY_H 1
| #define HAVE_STRINGS_H 1
| #define HAVE_INTTYPES_H 1
| #define HAVE_STDINT_H 1
| #define HAVE_UNISTD_H 1
| #define HAVE_DLFCN_H 1
| #define LT_OBJDIR ".libs/"
| #define HAVE_VSNPRINTF_IN_STD 1
| #define HAVE_GNU_GETOPT 1
| #define HAVE_PUTENV 1
| #define HAVE_SETENV 1
| #define HAVE_UNSETENV 1
| /* end confdefs.h.  */
| #include <libgen.h>
| int
| main ()
| {
| 
|          const char* s = "/foo/bar/";
|          (void)::dirname(s);
| 
|   ;
|   return 0;
| }
configure:16096: result: no
configure:16101: checking whether getcwd(NULL, 0) works
configure:16124: g++ -o conftest -g -O2  -D_FORTIFY_SOURCE=2 -Wall -Wcast-qual -Wextra -Wpointer-arith -Wredundant-decls -Wreturn-type -Wshadow -Wsign-compare -Wswitch -Wwrite-strings -DNDEBUG -Wabi -Wctor-dtor-privacy -Wno-deprecated -Wno-non-template-friend -Wno-pmf-conversions -Wnon-virtual-dtor -Woverloaded-virtual -Wreorder -Wsign-promo -Wsynth   conftest.cpp  >&5
configure:16124: $? = 0
configure:16124: ./conftest
configure:16124: $? = 0
configure:16125: result: yes
configure:16141: checking for unmount
configure:16141: g++ -o conftest -g -O2  -D_FORTIFY_SOURCE=2 -Wall -Wcast-qual -Wextra -Wpointer-arith -Wredundant-decls -Wreturn-type -Wshadow -Wsign-compare -Wswitch -Wwrite-strings -DNDEBUG -Wabi -Wctor-dtor-privacy -Wno-deprecated -Wno-non-template-friend -Wno-pmf-conversions -Wnon-virtual-dtor -Woverloaded-virtual -Wreorder -Wsign-promo -Wsynth   conftest.cpp  >&5
/tmp/ccE1mmXI.o: In function `main':
/home/juniormar/Gdrive/HigFlow/atf-0.15/conftest.cpp:64: undefined reference to `unmount'
collect2: error: ld returned 1 exit status
configure:16141: $? = 1
configure: failed program was:
| /* confdefs.h */
| #define PACKAGE_NAME "Automated Testing Framework"
| #define PACKAGE_TARNAME "atf"
| #define PACKAGE_VERSION "0.15"
| #define PACKAGE_STRING "Automated Testing Framework 0.15"
| #define PACKAGE_BUGREPORT "atf-devel@NetBSD.org"
| #define PACKAGE_URL "http://www.NetBSD.org/~jmmv/atf/"
| #define PACKAGE_COPYRIGHT "Copyright (c) 2007-2012 The NetBSD Foundation, Inc."
| #define PACKAGE "atf"
| #define VERSION "0.15"
| #define STDC_HEADERS 1
| #define HAVE_SYS_TYPES_H 1
| #define HAVE_SYS_STAT_H 1
| #define HAVE_STDLIB_H 1
| #define HAVE_STRING_H 1
| #define HAVE_MEMORY_H 1
| #define HAVE_STRINGS_H 1
| #define HAVE_INTTYPES_H 1
| #define HAVE_STDINT_H 1
| #define HAVE_UNISTD_H 1
| #define HAVE_DLFCN_H 1
| #define LT_OBJDIR ".libs/"
| #define HAVE_VSNPRINTF_IN_STD 1
| #define HAVE_GNU_GETOPT 1
| #define HAVE_PUTENV 1
| #define HAVE_SETENV 1
| #define HAVE_UNSETENV 1
| #define HAVE_GETCWD_DYN 1
| /* end confdefs.h.  */
| /* Define unmount to an innocuous variant, in case <limits.h> declares unmount.
|    For example, HP-UX 11i <limits.h> declares gettimeofday.  */
| #define unmount innocuous_unmount
| 
| /* System header to define __stub macros and hopefully few prototypes,
|     which can conflict with char unmount (); below.
|     Prefer <limits.h> to <assert.h> if __STDC__ is defined, since
|     <limits.h> exists even on freestanding compilers.  */
| 
| #ifdef __STDC__
| # include <limits.h>
| #else
| # include <assert.h>
| #endif
| 
| #undef unmount
| 
| /* Override any GCC internal prototype to avoid an error.
|    Use char because int might match the return type of a GCC
|    builtin and then its argument prototype would still apply.  */
| #ifdef __cplusplus
| extern "C"
| #endif
| char unmount ();
| /* The GNU C library defines this for functions which it implements
|     to always fail with ENOSYS.  Some functions are actually named
|     something starting with __ and the normal name is an alias.  */
| #if defined __stub_unmount || defined __stub___unmount
| choke me
| #endif
| 
| int
| main ()
| {
| return unmount ();
|   ;
|   return 0;
| }
configure:16141: result: no
configure:16154: checking whether snprintf is in std
configure:16169: g++ -c -g -O2  -D_FORTIFY_SOURCE=2 -Wall -Wcast-qual -Wextra -Wpointer-arith -Wredundant-decls -Wreturn-type -Wshadow -Wsign-compare -Wswitch -Wwrite-strings -DNDEBUG -Wabi -Wctor-dtor-privacy -Wno-deprecated -Wno-non-template-friend -Wno-pmf-conversions -Wnon-virtual-dtor -Woverloaded-virtual -Wreorder -Wsign-promo -Wsynth  conftest.cpp >&5
conftest.cpp: In function 'int main()':
conftest.cpp:35:48: warning: zero-length gnu_printf format string [-Wformat-zero-length]
                       std::snprintf(&buf, 1, "");
                                                ^
configure:16169: $? = 0
configure:16170: result: yes
configure:16185: checking for the last valid signal
configure:16245: g++ -o conftest -g -O2  -D_FORTIFY_SOURCE=2 -Wall -Wcast-qual -Wextra -Wpointer-arith -Wredundant-decls -Wreturn-type -Wshadow -Wsign-compare -Wswitch -Wwrite-strings -DNDEBUG -Wabi -Wctor-dtor-privacy -Wno-deprecated -Wno-non-template-friend -Wno-pmf-conversions -Wnon-virtual-dtor -Woverloaded-virtual -Wreorder -Wsign-promo -Wsynth   conftest.cpp  >&5
configure:16245: $? = 0
configure:16245: ./conftest
configure:16245: $? = 0
configure:16253: result: 31
configure:16272: checking for timer_t
configure:16272: g++ -c -g -O2  -D_FORTIFY_SOURCE=2 -Wall -Wcast-qual -Wextra -Wpointer-arith -Wredundant-decls -Wreturn-type -Wshadow -Wsign-compare -Wswitch -Wwrite-strings -DNDEBUG -Wabi -Wctor-dtor-privacy -Wno-deprecated -Wno-non-template-friend -Wno-pmf-conversions -Wnon-virtual-dtor -Woverloaded-virtual -Wreorder -Wsign-promo -Wsynth  conftest.cpp >&5
configure:16272: $? = 0
configure:16272: g++ -c -g -O2  -D_FORTIFY_SOURCE=2 -Wall -Wcast-qual -Wextra -Wpointer-arith -Wredundant-decls -Wreturn-type -Wshadow -Wsign-compare -Wswitch -Wwrite-strings -DNDEBUG -Wabi -Wctor-dtor-privacy -Wno-deprecated -Wno-non-template-friend -Wno-pmf-conversions -Wnon-virtual-dtor -Woverloaded-virtual -Wreorder -Wsign-promo -Wsynth  conftest.cpp >&5
conftest.cpp: In function 'int main()':
conftest.cpp:37:21: error: expected primary-expression before ')' token
 if (sizeof ((timer_t)))
                     ^
configure:16272: $? = 1
configure: failed program was:
| /* confdefs.h */
| #define PACKAGE_NAME "Automated Testing Framework"
| #define PACKAGE_TARNAME "atf"
| #define PACKAGE_VERSION "0.15"
| #define PACKAGE_STRING "Automated Testing Framework 0.15"
| #define PACKAGE_BUGREPORT "atf-devel@NetBSD.org"
| #define PACKAGE_URL "http://www.NetBSD.org/~jmmv/atf/"
| #define PACKAGE_COPYRIGHT "Copyright (c) 2007-2012 The NetBSD Foundation, Inc."
| #define PACKAGE "atf"
| #define VERSION "0.15"
| #define STDC_HEADERS 1
| #define HAVE_SYS_TYPES_H 1
| #define HAVE_SYS_STAT_H 1
| #define HAVE_STDLIB_H 1
| #define HAVE_STRING_H 1
| #define HAVE_MEMORY_H 1
| #define HAVE_STRINGS_H 1
| #define HAVE_INTTYPES_H 1
| #define HAVE_STDINT_H 1
| #define HAVE_UNISTD_H 1
| #define HAVE_DLFCN_H 1
| #define LT_OBJDIR ".libs/"
| #define HAVE_VSNPRINTF_IN_STD 1
| #define HAVE_GNU_GETOPT 1
| #define HAVE_PUTENV 1
| #define HAVE_SETENV 1
| #define HAVE_UNSETENV 1
| #define HAVE_GETCWD_DYN 1
| #define HAVE_SNPRINTF_IN_STD 1
| #define LAST_SIGNO 31
| /* end confdefs.h.  */
| #include <time.h>
| 
| int
| main ()
| {
| if (sizeof ((timer_t)))
| 	    return 0;
|   ;
|   return 0;
| }
configure:16272: result: yes
configure:16322: Machine type: x86_64, architecture: x86_64
configure:16391: checking for bash
configure:16409: found /bin/bash
configure:16421: result: /bin/bash
configure:16448: checking for gdb
configure:16466: found /usr/bin/gdb
configure:16478: result: /usr/bin/gdb
configure:16488: checking for kyua
configure:16521: result: no
configure:16536: checking for mtn
configure:16569: result: no
configure:16724: creating ./config.status

## ---------------------- ##
## Running config.status. ##
## ---------------------- ##

This file was extended by Automated Testing Framework config.status 0.15, which was
generated by GNU Autoconf 2.68.  Invocation command line was

  CONFIG_FILES    = 
  CONFIG_HEADERS  = 
  CONFIG_LINKS    = 
  CONFIG_COMMANDS = 
  $ ./config.status 

on dell

config.status:1183: creating Makefile
config.status:1183: creating atf-c/defs.h
config.status:1183: creating bconfig.h
config.status:1364: bconfig.h is unchanged
config.status:1412: executing bootstrap/atconfig commands
config.status:1412: executing depfiles commands
config.status:1412: executing libtool commands

## ---------------- ##
## Cache variables. ##
## ---------------- ##

ac_cv_build=x86_64-unknown-linux-gnu
ac_cv_c_compiler_gnu=yes
ac_cv_cxx_compiler_gnu=yes
ac_cv_env_ATF_BUILD_CC_set=
ac_cv_env_ATF_BUILD_CC_value=
ac_cv_env_ATF_BUILD_CFLAGS_set=
ac_cv_env_ATF_BUILD_CFLAGS_value=
ac_cv_env_ATF_BUILD_CPPFLAGS_set=
ac_cv_env_ATF_BUILD_CPPFLAGS_value=
ac_cv_env_ATF_BUILD_CPP_set=
ac_cv_env_ATF_BUILD_CPP_value=
ac_cv_env_ATF_BUILD_CXXFLAGS_set=
ac_cv_env_ATF_BUILD_CXXFLAGS_value=
ac_cv_env_ATF_BUILD_CXX_set=
ac_cv_env_ATF_BUILD_CXX_value=
ac_cv_env_ATF_CONFSUBDIR_set=
ac_cv_env_ATF_CONFSUBDIR_value=
ac_cv_env_ATF_SHELL_set=
ac_cv_env_ATF_SHELL_value=
ac_cv_env_ATF_WORKDIR_set=
ac_cv_env_ATF_WORKDIR_value=
ac_cv_env_CCC_set=
ac_cv_env_CCC_value=
ac_cv_env_CC_set=
ac_cv_env_CC_value=
ac_cv_env_CFLAGS_set=
ac_cv_env_CFLAGS_value=
ac_cv_env_CPPFLAGS_set=
ac_cv_env_CPPFLAGS_value=
ac_cv_env_CPP_set=
ac_cv_env_CPP_value=
ac_cv_env_CXXCPP_set=
ac_cv_env_CXXCPP_value=
ac_cv_env_CXXFLAGS_set=
ac_cv_env_CXXFLAGS_value=
ac_cv_env_CXX_set=
ac_cv_env_CXX_value=
ac_cv_env_LDFLAGS_set=
ac_cv_env_LDFLAGS_value=
ac_cv_env_LIBS_set=
ac_cv_env_LIBS_value=
ac_cv_env_build_alias_set=
ac_cv_env_build_alias_value=
ac_cv_env_host_alias_set=
ac_cv_env_host_alias_value=
ac_cv_env_target_alias_set=
ac_cv_env_target_alias_value=
ac_cv_func_putenv=yes
ac_cv_func_setenv=yes
ac_cv_func_unmount=no
ac_cv_func_unsetenv=yes
ac_cv_header_dlfcn_h=yes
ac_cv_header_inttypes_h=yes
ac_cv_header_memory_h=yes
ac_cv_header_stdc=yes
ac_cv_header_stdint_h=yes
ac_cv_header_stdlib_h=yes
ac_cv_header_string_h=yes
ac_cv_header_strings_h=yes
ac_cv_header_sys_stat_h=yes
ac_cv_header_sys_types_h=yes
ac_cv_header_unistd_h=yes
ac_cv_host=x86_64-unknown-linux-gnu
ac_cv_objext=o
ac_cv_path_ATF_SHELL=/bin/bash
ac_cv_path_EGREP='/bin/grep -E'
ac_cv_path_FGREP='/bin/grep -F'
ac_cv_path_GDB=/usr/bin/gdb
ac_cv_path_GREP=/bin/grep
ac_cv_path_SED=/bin/sed
ac_cv_path_install='/usr/bin/install -c'
ac_cv_path_mkdir=/bin/mkdir
ac_cv_prog_AWK=mawk
ac_cv_prog_CPP='gcc -E'
ac_cv_prog_CXXCPP='g++ -E'
ac_cv_prog_ac_ct_AR=ar
ac_cv_prog_ac_ct_CC=gcc
ac_cv_prog_ac_ct_CXX=g++
ac_cv_prog_ac_ct_OBJDUMP=objdump
ac_cv_prog_ac_ct_RANLIB=ranlib
ac_cv_prog_ac_ct_STRIP=strip
ac_cv_prog_cc_c89=
ac_cv_prog_cc_g=yes
ac_cv_prog_cc_gcc_c_o=yes
ac_cv_prog_cxx_g=yes
ac_cv_prog_make_make_set=yes
ac_cv_target=x86_64-unknown-linux-gnu
ac_cv_type_timer_t=yes
am_cv_CC_dependencies_compiler_type=gcc3
am_cv_CXX_dependencies_compiler_type=gcc3
atf_cv_prog_cxx_works=yes
lt_cv_deplibs_check_method=pass_all
lt_cv_file_magic_cmd='$MAGIC_CMD'
lt_cv_file_magic_test_file=
lt_cv_ld_reload_flag=-r
lt_cv_nm_interface='BSD nm'
lt_cv_objdir=.libs
lt_cv_path_LD=/usr/bin/ld
lt_cv_path_LDCXX='/usr/bin/ld -m elf_x86_64'
lt_cv_path_NM='/usr/bin/nm -B'
lt_cv_prog_compiler_c_o=yes
lt_cv_prog_compiler_c_o_CXX=yes
lt_cv_prog_compiler_pic_works=yes
lt_cv_prog_compiler_pic_works_CXX=yes
lt_cv_prog_compiler_rtti_exceptions=no
lt_cv_prog_compiler_static_works=yes
lt_cv_prog_compiler_static_works_CXX=yes
lt_cv_prog_gnu_ld=yes
lt_cv_prog_gnu_ldcxx=yes
lt_cv_sys_global_symbol_pipe='sed -n -e '\''s/^.*[	 ]\([ABCDGIRSTW][ABCDGIRSTW]*\)[	 ][	 ]*\([_A-Za-z][_A-Za-z0-9]*\)$/\1 \2 \2/p'\'''
lt_cv_sys_global_symbol_to_c_name_address='sed -n -e '\''s/^: \([^ ]*\) $/  {\"\1\", (void *) 0},/p'\'' -e '\''s/^[ABCDGIRSTW]* \([^ ]*\) \([^ ]*\)$/  {"\2", (void *) \&\2},/p'\'''
lt_cv_sys_global_symbol_to_c_name_address_lib_prefix='sed -n -e '\''s/^: \([^ ]*\) $/  {\"\1\", (void *) 0},/p'\'' -e '\''s/^[ABCDGIRSTW]* \([^ ]*\) \(lib[^ ]*\)$/  {"\2", (void *) \&\2},/p'\'' -e '\''s/^[ABCDGIRSTW]* \([^ ]*\) \([^ ]*\)$/  {"lib\2", (void *) \&\2},/p'\'''
lt_cv_sys_global_symbol_to_cdecl='sed -n -e '\''s/^T .* \(.*\)$/extern int \1();/p'\'' -e '\''s/^[ABCDGIRSTW]* .* \(.*\)$/extern char \1;/p'\'''
lt_cv_sys_max_cmd_len=1572864

## ----------------- ##
## Output variables. ##
## ----------------- ##

ACLOCAL='${SHELL} /home/juniormar/Gdrive/HigFlow/atf-0.15/admin/missing --run aclocal-1.11'
AMDEPBACKSLASH='\'
AMDEP_FALSE='#'
AMDEP_TRUE=''
AMTAR='${SHELL} /home/juniormar/Gdrive/HigFlow/atf-0.15/admin/missing --run tar'
AR='ar'
ATF_BUILD_CC='gcc'
ATF_BUILD_CFLAGS='-g -O2  -D_FORTIFY_SOURCE=2 -Wall -Wcast-qual -Wextra -Wpointer-arith -Wredundant-decls -Wreturn-type -Wshadow -Wsign-compare -Wswitch -Wwrite-strings -DNDEBUG -Wmissing-prototypes -Wno-traditional'
ATF_BUILD_CPP='gcc -E'
ATF_BUILD_CPPFLAGS=''
ATF_BUILD_CXX='g++'
ATF_BUILD_CXXFLAGS='-g -O2  -D_FORTIFY_SOURCE=2 -Wall -Wcast-qual -Wextra -Wpointer-arith -Wredundant-decls -Wreturn-type -Wshadow -Wsign-compare -Wswitch -Wwrite-strings -DNDEBUG -Wabi -Wctor-dtor-privacy -Wno-deprecated -Wno-non-template-friend -Wno-pmf-conversions -Wnon-virtual-dtor -Woverloaded-virtual -Wreorder -Wsign-promo -Wsynth'
ATF_CONFSUBDIR='atf'
ATF_SHELL='/bin/bash'
ATF_WORKDIR='/tmp'
ATTRIBUTE_FORMAT_PRINTF='__attribute__((__format__(__printf__, a, b)))'
ATTRIBUTE_NORETURN='__attribute__((__noreturn__))'
ATTRIBUTE_UNUSED='__attribute__((__unused__))'
AUTOCONF='${SHELL} /home/juniormar/Gdrive/HigFlow/atf-0.15/admin/missing --run autoconf'
AUTOHEADER='${SHELL} /home/juniormar/Gdrive/HigFlow/atf-0.15/admin/missing --run autoheader'
AUTOMAKE='${SHELL} /home/juniormar/Gdrive/HigFlow/atf-0.15/admin/missing --run automake-1.11'
AWK='mawk'
CC='gcc'
CCDEPMODE='depmode=gcc3'
CFLAGS='-g -O2  -D_FORTIFY_SOURCE=2 -Wall -Wcast-qual -Wextra -Wpointer-arith -Wredundant-decls -Wreturn-type -Wshadow -Wsign-compare -Wswitch -Wwrite-strings -DNDEBUG -Wmissing-prototypes -Wno-traditional'
CPP='gcc -E'
CPPFLAGS=''
CXX='g++'
CXXCPP='g++ -E'
CXXDEPMODE='depmode=gcc3'
CXXFLAGS='-g -O2  -D_FORTIFY_SOURCE=2 -Wall -Wcast-qual -Wextra -Wpointer-arith -Wredundant-decls -Wreturn-type -Wshadow -Wsign-compare -Wswitch -Wwrite-strings -DNDEBUG -Wabi -Wctor-dtor-privacy -Wno-deprecated -Wno-non-template-friend -Wno-pmf-conversions -Wnon-virtual-dtor -Woverloaded-virtual -Wreorder -Wsign-promo -Wsynth'
CYGPATH_W='echo'
DEFS='-DHAVE_CONFIG_H'
DEPDIR='.deps'
DSYMUTIL=''
DUMPBIN=''
ECHO_C=''
ECHO_N='-n'
ECHO_T=''
EGREP='/bin/grep -E'
EXEEXT=''
FGREP='/bin/grep -F'
GDB='/usr/bin/gdb'
GREP='/bin/grep'
HAVE_KYUA_FALSE=''
HAVE_KYUA_TRUE='#'
INSTALL_DATA='${INSTALL} -m 644'
INSTALL_PROGRAM='${INSTALL}'
INSTALL_SCRIPT='${INSTALL}'
INSTALL_STRIP_PROGRAM='$(install_sh) -c -s'
KYUA=''
LD='/usr/bin/ld -m elf_x86_64'
LDFLAGS=''
LIBOBJS=''
LIBS=''
LIBTOOL='$(SHELL) $(top_builddir)/libtool'
LIPO=''
LN_S='ln -s'
LTLIBOBJS=''
MAKEINFO='${SHELL} /home/juniormar/Gdrive/HigFlow/atf-0.15/admin/missing --run makeinfo'
MKDIR_P='/bin/mkdir -p'
MTN=''
NM='/usr/bin/nm -B'
NMEDIT=''
OBJDUMP='objdump'
OBJEXT='o'
OTOOL64=''
OTOOL=''
PACKAGE='atf'
PACKAGE_BUGREPORT='atf-devel@NetBSD.org'
PACKAGE_NAME='Automated Testing Framework'
PACKAGE_STRING='Automated Testing Framework 0.15'
PACKAGE_TARNAME='atf'
PACKAGE_URL='http://www.NetBSD.org/~jmmv/atf/'
PACKAGE_VERSION='0.15'
PATH_SEPARATOR=':'
RANLIB='ranlib'
SED='/bin/sed'
SET_MAKE=''
SHELL='/bin/bash'
STRIP='strip'
VERSION='0.15'
ac_ct_CC='gcc'
ac_ct_CXX='g++'
ac_ct_DUMPBIN=''
am__EXEEXT_FALSE=''
am__EXEEXT_TRUE='#'
am__fastdepCC_FALSE='#'
am__fastdepCC_TRUE=''
am__fastdepCXX_FALSE='#'
am__fastdepCXX_TRUE=''
am__include='include'
am__isrc=''
am__leading_dot='.'
am__quote=''
am__tar='${AMTAR} chof - "$$tardir"'
am__untar='${AMTAR} xf -'
atf_aclocaldir='${datadir}/aclocal'
atf_arch='x86_64'
atf_confdir='${sysconfdir}/atf'
atf_cssdir='${datadir}/examples/atf'
atf_dtddir='${datadir}/xml/atf'
atf_egdir='${datadir}/examples/atf'
atf_machine='x86_64'
atf_pkgconfigdir='${libdir}/pkgconfig'
atf_xsldir='${datadir}/xsl/atf'
bindir='${exec_prefix}/bin'
build='x86_64-unknown-linux-gnu'
build_alias=''
build_cpu='x86_64'
build_os='linux-gnu'
build_vendor='unknown'
datadir='${datarootdir}'
datarootdir='${prefix}/share'
docdir='${datarootdir}/doc/${PACKAGE_TARNAME}'
dvidir='${docdir}'
exec_prefix='${prefix}'
host='x86_64-unknown-linux-gnu'
host_alias=''
host_cpu='x86_64'
host_os='linux-gnu'
host_vendor='unknown'
htmldir='${docdir}'
includedir='${prefix}/include'
infodir='${datarootdir}/info'
install_sh='${SHELL} /home/juniormar/Gdrive/HigFlow/atf-0.15/admin/install-sh'
libdir='${exec_prefix}/lib'
libexecdir='${exec_prefix}/libexec'
localedir='${datarootdir}/locale'
localstatedir='${prefix}/var'
lt_ECHO='echo'
mandir='${datarootdir}/man'
mkdir_p='/bin/mkdir -p'
oldincludedir='/usr/include'
pdfdir='${docdir}'
prefix='/usr/local'
program_transform_name='s,x,x,'
psdir='${docdir}'
sbindir='${exec_prefix}/sbin'
sharedstatedir='${prefix}/com'
sysconfdir='${prefix}/etc'
target='x86_64-unknown-linux-gnu'
target_alias=''
target_cpu='x86_64'
target_os='linux-gnu'
target_srcdir=''
target_vendor='unknown'

## ----------- ##
## confdefs.h. ##
## ----------- ##

/* confdefs.h */
#define PACKAGE_NAME "Automated Testing Framework"
#define PACKAGE_TARNAME "atf"
#define PACKAGE_VERSION "0.15"
#define PACKAGE_STRING "Automated Testing Framework 0.15"
#define PACKAGE_BUGREPORT "atf-devel@NetBSD.org"
#define PACKAGE_URL "http://www.NetBSD.org/~jmmv/atf/"
#define PACKAGE_COPYRIGHT "Copyright (c) 2007-2012 The NetBSD Foundation, Inc."
#define PACKAGE "atf"
#define VERSION "0.15"
#define STDC_HEADERS 1
#define HAVE_SYS_TYPES_H 1
#define HAVE_SYS_STAT_H 1
#define HAVE_STDLIB_H 1
#define HAVE_STRING_H 1
#define HAVE_MEMORY_H 1
#define HAVE_STRINGS_H 1
#define HAVE_INTTYPES_H 1
#define HAVE_STDINT_H 1
#define HAVE_UNISTD_H 1
#define HAVE_DLFCN_H 1
#define LT_OBJDIR ".libs/"
#define HAVE_VSNPRINTF_IN_STD 1
#define HAVE_GNU_GETOPT 1
#define HAVE_PUTENV 1
#define HAVE_SETENV 1
#define HAVE_UNSETENV 1
#define HAVE_GETCWD_DYN 1
#define HAVE_SNPRINTF_IN_STD 1
#define LAST_SIGNO 31

configure: exit 0
